<?xml version="1.0" encoding="UTF-8"?>
<!-- Generated by org.testng.reporters.JUnitXMLReporter -->
<testsuite ignored="0" hostname="SCHL-24183M" failures="1" tests="1" name="TestCases" time="3.848" errors="0" timestamp="2021-09-29T18:37:19 EDT">
  <testcase classname="io.cucumber.testng.AbstractTestNGCucumberTests" name="runScenario" time="3.581">
    <failure type="java.lang.NullPointerException" message="Cannot invoke &amp;quot;org.openqa.selenium.WebDriver.navigate()&amp;quot; because &amp;quot;driver&amp;quot; is null">
      <![CDATA[java.lang.NullPointerException: Cannot invoke "org.openqa.selenium.WebDriver.navigate()" because "driver" is null
at com.web.app.test.login.StepDefinition.OpenURl(StepDefinition.java:64)
at com.web.app.test.login.StepDefinition.launch_the_application(StepDefinition.java:26)
at ✽.launch the application(file:///D:/kiran/dlg_test_login/src/test/java/features/login.feature:5)
]]>
    </failure>
  </testcase> <!-- runScenario -->
</testsuite> <!-- TestCases -->
