<?xml version="1.0" encoding="UTF-8"?>
<testng-results ignored="0" total="1" passed="0" failed="1" skipped="0">
  <reporter-output>
  </reporter-output>
  <suite started-at="2021-09-29T18:37:16 EDT" name="Suite" finished-at="2021-09-29T18:37:19 EDT" duration-ms="3848">
    <groups>
      <group name="cucumber">
        <method signature="AbstractTestNGCucumberTests.runScenario(io.cucumber.testng.PickleWrapper,io.cucumber.testng.FeatureWrapper)[pri:0, instance:com.web.app.test.login.Runner@140c9f39]" name="runScenario" class="io.cucumber.testng.AbstractTestNGCucumberTests"/>
      </group> <!-- cucumber -->
    </groups>
    <test started-at="2021-09-29T18:37:16 EDT" name="TestCases" finished-at="2021-09-29T18:37:19 EDT" duration-ms="3848">
      <class name="com.web.app.test.login.Runner">
        <test-method is-config="true" signature="setUpClass()[pri:0, instance:com.web.app.test.login.Runner@140c9f39]" started-at="2021-09-29T18:37:16 EDT" name="setUpClass" finished-at="2021-09-29T18:37:16 EDT" duration-ms="226" status="PASS">
          <reporter-output>
          </reporter-output>
        </test-method> <!-- setUpClass -->
        <test-method signature="runScenario(io.cucumber.testng.PickleWrapper,io.cucumber.testng.FeatureWrapper)[pri:0, instance:com.web.app.test.login.Runner@140c9f39]" started-at="2021-09-29T18:37:16 EDT" name="runScenario" description="Runs Cucumber Scenarios" data-provider="scenarios" finished-at="2021-09-29T18:37:19 EDT" duration-ms="3581" status="FAIL">
          <params>
            <param index="0">
              <value>
                <![CDATA["add items to cart"]]>
              </value>
            </param>
            <param index="1">
              <value>
                <![CDATA["Optional[Add two expensive items to cart]"]]>
              </value>
            </param>
          </params>
          <exception class="java.lang.NullPointerException">
            <message>
              <![CDATA[Cannot invoke "org.openqa.selenium.WebDriver.navigate()" because "driver" is null]]>
            </message>
            <full-stacktrace>
              <![CDATA[java.lang.NullPointerException: Cannot invoke "org.openqa.selenium.WebDriver.navigate()" because "driver" is null
at com.web.app.test.login.StepDefinition.OpenURl(StepDefinition.java:64)
at com.web.app.test.login.StepDefinition.launch_the_application(StepDefinition.java:26)
at ✽.launch the application(file:///D:/kiran/dlg_test_login/src/test/java/features/login.feature:5)
]]>
            </full-stacktrace>
          </exception> <!-- java.lang.NullPointerException -->
          <reporter-output>
          </reporter-output>
        </test-method> <!-- runScenario -->
        <test-method is-config="true" signature="tearDownClass()[pri:0, instance:com.web.app.test.login.Runner@140c9f39]" started-at="2021-09-29T18:37:19 EDT" name="tearDownClass" finished-at="2021-09-29T18:37:19 EDT" duration-ms="7" status="PASS">
          <reporter-output>
          </reporter-output>
        </test-method> <!-- tearDownClass -->
      </class> <!-- com.web.app.test.login.Runner -->
    </test> <!-- TestCases -->
  </suite> <!-- Suite -->
</testng-results>
