<?xml version="1.0" encoding="UTF-8"?>
<testng-results ignored="0" total="1" passed="1" failed="0" skipped="0">
  <reporter-output>
  </reporter-output>
  <suite started-at="2021-09-29T17:59:17 EDT" name="Suite" finished-at="2021-09-29T17:59:18 EDT" duration-ms="430">
    <groups>
      <group name="cucumber">
        <method signature="AbstractTestNGCucumberTests.runScenario(io.cucumber.testng.PickleWrapper,io.cucumber.testng.FeatureWrapper)[pri:0, instance:com.web.app.test.login.Runner@fa49800]" name="runScenario" class="io.cucumber.testng.AbstractTestNGCucumberTests"/>
      </group> <!-- cucumber -->
    </groups>
    <test started-at="2021-09-29T17:59:17 EDT" name="TestCases" finished-at="2021-09-29T17:59:18 EDT" duration-ms="430">
      <class name="com.web.app.test.login.Runner">
        <test-method is-config="true" signature="setUpClass()[pri:0, instance:com.web.app.test.login.Runner@fa49800]" started-at="2021-09-29T17:59:17 EDT" name="setUpClass" finished-at="2021-09-29T17:59:17 EDT" duration-ms="230" status="PASS">
          <reporter-output>
          </reporter-output>
        </test-method> <!-- setUpClass -->
        <test-method signature="runScenario(io.cucumber.testng.PickleWrapper,io.cucumber.testng.FeatureWrapper)[pri:0, instance:com.web.app.test.login.Runner@fa49800]" started-at="2021-09-29T17:59:17 EDT" name="runScenario" description="Runs Cucumber Scenarios" data-provider="scenarios" finished-at="2021-09-29T17:59:18 EDT" duration-ms="156" status="PASS">
          <params>
            <param index="0">
              <value>
                <![CDATA["add items to cart"]]>
              </value>
            </param>
            <param index="1">
              <value>
                <![CDATA["Optional[Add two expensive items to cart]"]]>
              </value>
            </param>
          </params>
          <reporter-output>
          </reporter-output>
        </test-method> <!-- runScenario -->
        <test-method is-config="true" signature="tearDownClass()[pri:0, instance:com.web.app.test.login.Runner@fa49800]" started-at="2021-09-29T17:59:18 EDT" name="tearDownClass" finished-at="2021-09-29T17:59:18 EDT" duration-ms="10" status="PASS">
          <reporter-output>
          </reporter-output>
        </test-method> <!-- tearDownClass -->
      </class> <!-- com.web.app.test.login.Runner -->
    </test> <!-- TestCases -->
  </suite> <!-- Suite -->
</testng-results>
