<?xml version="1.0" encoding="UTF-8"?>
<!-- Generated by org.testng.reporters.JUnitReportReporter -->
<testsuite hostname="SCHL-24183M" failures="0" tests="1" name="com.web.app.test.login.Runner" time="3.581" errors="1" timestamp="2021-09-29T18:37:20 EDT" skipped="0">
  <testcase classname="com.web.app.test.login.Runner" name="runScenario" time="3.581">
    <error message="Cannot invoke &quot;org.openqa.selenium.WebDriver.navigate()&quot; because &quot;driver&quot; is null" type="java.lang.NullPointerException">
      <![CDATA[java.lang.NullPointerException: Cannot invoke "org.openqa.selenium.WebDriver.navigate()" because "driver" is null
at com.web.app.test.login.StepDefinition.OpenURl(StepDefinition.java:64)
at com.web.app.test.login.StepDefinition.launch_the_application(StepDefinition.java:26)
at ✽.launch the application(file:///D:/kiran/dlg_test_login/src/test/java/features/login.feature:5)
]]>
    </error>
  </testcase> <!-- runScenario -->
  <system-out/>
</testsuite> <!-- com.web.app.test.login.Runner -->
